This file contains any messages produced by compilers while
running configure, to aid debugging if configure makes a mistake.

It was created by jbrowse configure 0.1, which was
generated by GNU Autoconf 2.68.  Invocation command line was

  $ ./configure 

## --------- ##
## Platform. ##
## --------- ##

hostname = wireless-123-204.scripps.edu
uname -m = x86_64
uname -r = 15.5.0
uname -s = Darwin
uname -v = Darwin Kernel Version 15.5.0: Tue Apr 19 18:36:36 PDT 2016; root:xnu-3248.50.21~8/RELEASE_X86_64

/usr/bin/uname -p = i386
/bin/uname -X     = unknown

/bin/arch              = unknown
/usr/bin/arch -k       = unknown
/usr/convex/getsysinfo = unknown
/usr/bin/hostinfo      = Mach kernel version:
	 Darwin Kernel Version 15.5.0: Tue Apr 19 18:36:36 PDT 2016; root:xnu-3248.50.21~8/RELEASE_X86_64
Kernel configured for up to 8 processors.
4 processors are physically available.
8 processors are logically available.
Processor type: x86_64h (Intel x86-64h Haswell)
Processors active: 0 1 2 3 4 5 6 7
Primary memory available: 16.00 gigabytes
Default processor set: 350 tasks, 1595 threads, 8 processors
Load average: 2.97, Mach factor: 5.21
/bin/machine           = unknown
/usr/bin/oslevel       = unknown
/bin/universe          = unknown

PATH: /Users/timputman/.virtualenvs/DJANGO_env/bin
PATH: /Users/timputman/.sdkman/candidates/groovy/current/bin
PATH: /Users/timputman/.sdkman/candidates/grails/current/bin
PATH: /sr/local/bin
PATH: /usr/local/sbin
PATH: /usr/local/mysql/bin
PATH: /usr/local/bin
PATH: /usr/bin
PATH: /bin
PATH: /usr/sbin
PATH: /sbin
PATH: /opt/X11/bin
PATH: /usr/local/ncbi/blast/bin
PATH: /Users/timputman/edirect


## ----------- ##
## Core tests. ##
## ----------- ##

configure:2230: checking for g++
configure:2246: found /usr/bin/g++
configure:2257: result: g++
configure:2284: checking for C++ compiler version
configure:2293: g++ --version >&5
Apple LLVM version 7.3.0 (clang-703.0.31)
Target: x86_64-apple-darwin15.5.0
Thread model: posix
InstalledDir: /Applications/Xcode.app/Contents/Developer/Toolchains/XcodeDefault.xctoolchain/usr/bin
Configured with: --prefix=/Applications/Xcode.app/Contents/Developer/usr --with-gxx-include-dir=/Applications/Xcode.app/Contents/Developer/Platforms/MacOSX.platform/Developer/SDKs/MacOSX10.11.sdk/usr/include/c++/4.2.1
configure:2304: $? = 0
configure:2293: g++ -v >&5
Configured with: --prefix=/Applications/Xcode.app/Contents/Developer/usr --with-gxx-include-dir=/Applications/Xcode.app/Contents/Developer/Platforms/MacOSX.platform/Developer/SDKs/MacOSX10.11.sdk/usr/include/c++/4.2.1
Apple LLVM version 7.3.0 (clang-703.0.31)
Target: x86_64-apple-darwin15.5.0
Thread model: posix
InstalledDir: /Applications/Xcode.app/Contents/Developer/Toolchains/XcodeDefault.xctoolchain/usr/bin
configure:2304: $? = 0
configure:2293: g++ -V >&5
clang: error: argument to '-V' is missing (expected 1 value)
clang: error: no input files
configure:2304: $? = 1
configure:2293: g++ -qversion >&5
clang: error: unknown argument: '-qversion'
clang: error: no input files
configure:2304: $? = 1
configure:2324: checking whether the C++ compiler works
configure:2346: g++    conftest.cpp  >&5
configure:2350: $? = 0
configure:2398: result: yes
configure:2401: checking for C++ compiler default output file name
configure:2403: result: a.out
configure:2409: checking for suffix of executables
configure:2416: g++ -o conftest    conftest.cpp  >&5
configure:2420: $? = 0
configure:2442: result: 
configure:2464: checking whether we are cross compiling
configure:2472: g++ -o conftest    conftest.cpp  >&5
configure:2476: $? = 0
configure:2483: ./conftest
configure:2487: $? = 0
configure:2502: result: no
configure:2507: checking for suffix of object files
configure:2529: g++ -c   conftest.cpp >&5
configure:2533: $? = 0
configure:2554: result: o
configure:2558: checking whether we are using the GNU C++ compiler
configure:2577: g++ -c   conftest.cpp >&5
configure:2577: $? = 0
configure:2586: result: yes
configure:2595: checking whether g++ accepts -g
configure:2615: g++ -c -g  conftest.cpp >&5
configure:2615: $? = 0
configure:2656: result: yes
configure:2727: checking for gcc
configure:2743: found /usr/bin/gcc
configure:2754: result: gcc
configure:2983: checking for C compiler version
configure:2992: gcc --version >&5
Apple LLVM version 7.3.0 (clang-703.0.31)
Target: x86_64-apple-darwin15.5.0
Thread model: posix
InstalledDir: /Applications/Xcode.app/Contents/Developer/Toolchains/XcodeDefault.xctoolchain/usr/bin
Configured with: --prefix=/Applications/Xcode.app/Contents/Developer/usr --with-gxx-include-dir=/Applications/Xcode.app/Contents/Developer/Platforms/MacOSX.platform/Developer/SDKs/MacOSX10.11.sdk/usr/include/c++/4.2.1
configure:3003: $? = 0
configure:2992: gcc -v >&5
Configured with: --prefix=/Applications/Xcode.app/Contents/Developer/usr --with-gxx-include-dir=/Applications/Xcode.app/Contents/Developer/Platforms/MacOSX.platform/Developer/SDKs/MacOSX10.11.sdk/usr/include/c++/4.2.1
Apple LLVM version 7.3.0 (clang-703.0.31)
Target: x86_64-apple-darwin15.5.0
Thread model: posix
InstalledDir: /Applications/Xcode.app/Contents/Developer/Toolchains/XcodeDefault.xctoolchain/usr/bin
configure:3003: $? = 0
configure:2992: gcc -V >&5
clang: error: argument to '-V' is missing (expected 1 value)
clang: error: no input files
configure:3003: $? = 1
configure:2992: gcc -qversion >&5
clang: error: unknown argument: '-qversion'
clang: error: no input files
configure:3003: $? = 1
configure:3007: checking whether we are using the GNU C compiler
configure:3026: gcc -c   conftest.c >&5
configure:3026: $? = 0
configure:3035: result: yes
configure:3044: checking whether gcc accepts -g
configure:3064: gcc -c -g  conftest.c >&5
configure:3064: $? = 0
configure:3105: result: yes
configure:3122: checking for gcc option to accept ISO C89
configure:3186: gcc  -c -g -O2  conftest.c >&5
configure:3186: $? = 0
configure:3199: result: none needed
configure:3219: checking whether ln -s works
configure:3223: result: yes
configure:3241: checking for library containing png_create_write_struct
configure:3272: gcc -o conftest -g -O2   conftest.c  >&5
Undefined symbols for architecture x86_64:
  "_png_create_write_struct", referenced from:
      _main in conftest-d516ae.o
ld: symbol(s) not found for architecture x86_64
clang: error: linker command failed with exit code 1 (use -v to see invocation)
configure:3272: $? = 1
configure: failed program was:
| /* confdefs.h */
| #define PACKAGE_NAME "jbrowse"
| #define PACKAGE_TARNAME "jbrowse"
| #define PACKAGE_VERSION "0.1"
| #define PACKAGE_STRING "jbrowse 0.1"
| #define PACKAGE_BUGREPORT "jbrowse-bugs@postbox.biowiki.org"
| #define PACKAGE_URL ""
| #define CPLUSPLUS_COMPILER "g++"
| /* end confdefs.h.  */
| 
| /* Override any GCC internal prototype to avoid an error.
|    Use char because int might match the return type of a GCC
|    builtin and then its argument prototype would still apply.  */
| #ifdef __cplusplus
| extern "C"
| #endif
| char png_create_write_struct ();
| int
| main ()
| {
| return png_create_write_struct ();
|   ;
|   return 0;
| }
configure:3272: gcc -o conftest -g -O2   conftest.c -lpng   >&5
ld: library not found for -lpng
clang: error: linker command failed with exit code 1 (use -v to see invocation)
configure:3272: $? = 1
configure: failed program was:
| /* confdefs.h */
| #define PACKAGE_NAME "jbrowse"
| #define PACKAGE_TARNAME "jbrowse"
| #define PACKAGE_VERSION "0.1"
| #define PACKAGE_STRING "jbrowse 0.1"
| #define PACKAGE_BUGREPORT "jbrowse-bugs@postbox.biowiki.org"
| #define PACKAGE_URL ""
| #define CPLUSPLUS_COMPILER "g++"
| /* end confdefs.h.  */
| 
| /* Override any GCC internal prototype to avoid an error.
|    Use char because int might match the return type of a GCC
|    builtin and then its argument prototype would still apply.  */
| #ifdef __cplusplus
| extern "C"
| #endif
| char png_create_write_struct ();
| int
| main ()
| {
| return png_create_write_struct ();
|   ;
|   return 0;
| }
configure:3289: result: no
configure:3296: error: libpng not found. Please install libpng and try again. Or if it is already installed (e.g. in /usr/X11), pass the include and link paths to configure like so: ./configure CXXFLAGS=-I/usr/X11/include LDFLAGS=-L/usr/X11/lib

## ---------------- ##
## Cache variables. ##
## ---------------- ##

ac_cv_c_compiler_gnu=yes
ac_cv_cxx_compiler_gnu=yes
ac_cv_env_CCC_set=
ac_cv_env_CCC_value=
ac_cv_env_CC_set=
ac_cv_env_CC_value=
ac_cv_env_CFLAGS_set=
ac_cv_env_CFLAGS_value=
ac_cv_env_CPPFLAGS_set=
ac_cv_env_CPPFLAGS_value=
ac_cv_env_CPP_set=
ac_cv_env_CPP_value=
ac_cv_env_CXXFLAGS_set=
ac_cv_env_CXXFLAGS_value=
ac_cv_env_CXX_set=
ac_cv_env_CXX_value=
ac_cv_env_LDFLAGS_set=
ac_cv_env_LDFLAGS_value=
ac_cv_env_LIBS_set=
ac_cv_env_LIBS_value=
ac_cv_env_build_alias_set=
ac_cv_env_build_alias_value=
ac_cv_env_host_alias_set=
ac_cv_env_host_alias_value=
ac_cv_env_target_alias_set=
ac_cv_env_target_alias_value=
ac_cv_objext=o
ac_cv_prog_ac_ct_CC=gcc
ac_cv_prog_ac_ct_CXX=g++
ac_cv_prog_cc_c89=
ac_cv_prog_cc_g=yes
ac_cv_prog_cxx_g=yes
ac_cv_search_png_create_write_struct=no

## ----------------- ##
## Output variables. ##
## ----------------- ##

CC='gcc'
CFLAGS='-g -O2'
CPP=''
CPPFLAGS=''
CXX='g++'
CXXFLAGS='-g -O2'
DEFS=''
ECHO_C='\c'
ECHO_N=''
ECHO_T=''
EGREP=''
EXEEXT=''
GREP=''
LDFLAGS=''
LIBOBJS=''
LIBS=''
LN_S='ln -s'
LTLIBOBJS=''
OBJEXT='o'
PACKAGE_BUGREPORT='jbrowse-bugs@postbox.biowiki.org'
PACKAGE_NAME='jbrowse'
PACKAGE_STRING='jbrowse 0.1'
PACKAGE_TARNAME='jbrowse'
PACKAGE_URL=''
PACKAGE_VERSION='0.1'
PATH_SEPARATOR=':'
SHELL='/bin/sh'
ac_ct_CC='gcc'
ac_ct_CXX='g++'
bindir='${exec_prefix}/bin'
build_alias=''
datadir='${datarootdir}'
datarootdir='${prefix}/share'
docdir='${datarootdir}/doc/${PACKAGE_TARNAME}'
dvidir='${docdir}'
exec_prefix='NONE'
host_alias=''
htmldir='${docdir}'
includedir='${prefix}/include'
infodir='${datarootdir}/info'
libdir='${exec_prefix}/lib'
libexecdir='${exec_prefix}/libexec'
localedir='${datarootdir}/locale'
localstatedir='${prefix}/var'
mandir='${datarootdir}/man'
oldincludedir='/usr/include'
pdfdir='${docdir}'
prefix='NONE'
program_transform_name='s,x,x,'
psdir='${docdir}'
sbindir='${exec_prefix}/sbin'
sharedstatedir='${prefix}/com'
sysconfdir='${prefix}/etc'
target_alias=''

## ----------- ##
## confdefs.h. ##
## ----------- ##

/* confdefs.h */
#define PACKAGE_NAME "jbrowse"
#define PACKAGE_TARNAME "jbrowse"
#define PACKAGE_VERSION "0.1"
#define PACKAGE_STRING "jbrowse 0.1"
#define PACKAGE_BUGREPORT "jbrowse-bugs@postbox.biowiki.org"
#define PACKAGE_URL ""
#define CPLUSPLUS_COMPILER "g++"

configure: exit 1
